2025-06-19T15:36:08.490+03:00  INFO 6943 --- [buses] [restartedMain] com.travelSafe.buses.BusesApplication    : Starting BusesApplication using Java 24.0.1 with PID 6943 (/home/marwanmamdouh/Github/buses/target/classes started by marwanmamdouh in /home/marwanmamdouh/Github/buses)
2025-06-19T15:36:08.511+03:00  INFO 6943 --- [buses] [restartedMain] com.travelSafe.buses.BusesApplication    : No active profile set, falling back to 1 default profile: "default"
2025-06-19T15:36:08.638+03:00  INFO 6943 --- [buses] [restartedMain] .e.DevToolsPropertyDefaultsPostProcessor : Devtools property defaults active! Set 'spring.devtools.add-properties' to 'false' to disable
2025-06-19T15:36:08.639+03:00  INFO 6943 --- [buses] [restartedMain] .e.DevToolsPropertyDefaultsPostProcessor : For additional web related logging consider setting the 'logging.level.web' property to 'DEBUG'
2025-06-19T15:36:09.189+03:00  WARN 6943 --- [buses] [restartedMain] ConfigServletWebServerApplicationContext : Exception encountered during context initialization - cancelling refresh attempt: org.springframework.beans.factory.BeanDefinitionStoreException: Failed to parse configuration class [com.travelSafe.buses.BusesApplication]
2025-06-19T15:36:09.571+03:00 ERROR 6943 --- [buses] [restartedMain] o.s.boot.SpringApplication               : Application run failed

org.springframework.beans.factory.BeanDefinitionStoreException: Failed to parse configuration class [com.travelSafe.buses.BusesApplication]
	at org.springframework.context.annotation.ConfigurationClassParser.parse(ConfigurationClassParser.java:194) ~[spring-context-6.2.6.jar:6.2.6]
	at org.springframework.context.annotation.ConfigurationClassPostProcessor.processConfigBeanDefinitions(ConfigurationClassPostProcessor.java:418) ~[spring-context-6.2.6.jar:6.2.6]
	at org.springframework.context.annotation.ConfigurationClassPostProcessor.postProcessBeanDefinitionRegistry(ConfigurationClassPostProcessor.java:290) ~[spring-context-6.2.6.jar:6.2.6]
	at org.springframework.context.support.PostProcessorRegistrationDelegate.invokeBeanDefinitionRegistryPostProcessors(PostProcessorRegistrationDelegate.java:349) ~[spring-context-6.2.6.jar:6.2.6]
	at org.springframework.context.support.PostProcessorRegistrationDelegate.invokeBeanFactoryPostProcessors(PostProcessorRegistrationDelegate.java:118) ~[spring-context-6.2.6.jar:6.2.6]
	at org.springframework.context.support.AbstractApplicationContext.invokeBeanFactoryPostProcessors(AbstractApplicationContext.java:791) ~[spring-context-6.2.6.jar:6.2.6]
	at org.springframework.context.support.AbstractApplicationContext.refresh(AbstractApplicationContext.java:609) ~[spring-context-6.2.6.jar:6.2.6]
	at org.springframework.boot.web.servlet.context.ServletWebServerApplicationContext.refresh(ServletWebServerApplicationContext.java:146) ~[spring-boot-3.4.5.jar:3.4.5]
	at org.springframework.boot.SpringApplication.refresh(SpringApplication.java:753) ~[spring-boot-3.4.5.jar:3.4.5]
	at org.springframework.boot.SpringApplication.refreshContext(SpringApplication.java:439) ~[spring-boot-3.4.5.jar:3.4.5]
	at org.springframework.boot.SpringApplication.run(SpringApplication.java:318) ~[spring-boot-3.4.5.jar:3.4.5]
	at org.springframework.boot.SpringApplication.run(SpringApplication.java:1362) ~[spring-boot-3.4.5.jar:3.4.5]
	at org.springframework.boot.SpringApplication.run(SpringApplication.java:1351) ~[spring-boot-3.4.5.jar:3.4.5]
	at com.travelSafe.buses.BusesApplication.main(BusesApplication.java:12) ~[classes/:na]
	at java.base/jdk.internal.reflect.DirectMethodHandleAccessor.invoke(DirectMethodHandleAccessor.java:104) ~[na:na]
	at java.base/java.lang.reflect.Method.invoke(Method.java:565) ~[na:na]
	at org.springframework.boot.devtools.restart.RestartLauncher.run(RestartLauncher.java:50) ~[spring-boot-devtools-3.4.5.jar:3.4.5]
Caused by: org.springframework.context.annotation.ConflictingBeanDefinitionException: Annotation-specified bean name 'departmentMapperImpl' for bean class [com.travelSafe.buses.domain.department.model.DepartmentMapperImpl] conflicts with existing, non-compatible bean definition of same name and class [com.travelSafe.buses.domain.department.DepartmentMapperImpl]
	at org.springframework.context.annotation.ClassPathBeanDefinitionScanner.checkCandidate(ClassPathBeanDefinitionScanner.java:361) ~[spring-context-6.2.6.jar:6.2.6]
	at org.springframework.context.annotation.ClassPathBeanDefinitionScanner.doScan(ClassPathBeanDefinitionScanner.java:288) ~[spring-context-6.2.6.jar:6.2.6]
	at org.springframework.context.annotation.ComponentScanAnnotationParser.parse(ComponentScanAnnotationParser.java:128) ~[spring-context-6.2.6.jar:6.2.6]
	at org.springframework.context.annotation.ConfigurationClassParser.doProcessConfigurationClass(ConfigurationClassParser.java:346) ~[spring-context-6.2.6.jar:6.2.6]
	at org.springframework.context.annotation.ConfigurationClassParser.processConfigurationClass(ConfigurationClassParser.java:281) ~[spring-context-6.2.6.jar:6.2.6]
	at org.springframework.context.annotation.ConfigurationClassParser.parse(ConfigurationClassParser.java:204) ~[spring-context-6.2.6.jar:6.2.6]
	at org.springframework.context.annotation.ConfigurationClassParser.parse(ConfigurationClassParser.java:172) ~[spring-context-6.2.6.jar:6.2.6]
	... 16 common frames omitted

2025-06-19T15:36:36.634+03:00  INFO 7059 --- [buses] [restartedMain] com.travelSafe.buses.BusesApplication    : Starting BusesApplication using Java 24.0.1 with PID 7059 (/home/marwanmamdouh/Github/buses/target/classes started by marwanmamdouh in /home/marwanmamdouh/Github/buses)
2025-06-19T15:36:36.655+03:00  INFO 7059 --- [buses] [restartedMain] com.travelSafe.buses.BusesApplication    : No active profile set, falling back to 1 default profile: "default"
2025-06-19T15:36:36.840+03:00  INFO 7059 --- [buses] [restartedMain] .e.DevToolsPropertyDefaultsPostProcessor : Devtools property defaults active! Set 'spring.devtools.add-properties' to 'false' to disable
2025-06-19T15:36:36.844+03:00  INFO 7059 --- [buses] [restartedMain] .e.DevToolsPropertyDefaultsPostProcessor : For additional web related logging consider setting the 'logging.level.web' property to 'DEBUG'
2025-06-19T15:36:37.367+03:00  WARN 7059 --- [buses] [restartedMain] ConfigServletWebServerApplicationContext : Exception encountered during context initialization - cancelling refresh attempt: org.springframework.beans.factory.BeanDefinitionStoreException: Failed to parse configuration class [com.travelSafe.buses.BusesApplication]
2025-06-19T15:36:37.658+03:00 ERROR 7059 --- [buses] [restartedMain] o.s.boot.SpringApplication               : Application run failed

org.springframework.beans.factory.BeanDefinitionStoreException: Failed to parse configuration class [com.travelSafe.buses.BusesApplication]
	at org.springframework.context.annotation.ConfigurationClassParser.parse(ConfigurationClassParser.java:194) ~[spring-context-6.2.6.jar:6.2.6]
	at org.springframework.context.annotation.ConfigurationClassPostProcessor.processConfigBeanDefinitions(ConfigurationClassPostProcessor.java:418) ~[spring-context-6.2.6.jar:6.2.6]
	at org.springframework.context.annotation.ConfigurationClassPostProcessor.postProcessBeanDefinitionRegistry(ConfigurationClassPostProcessor.java:290) ~[spring-context-6.2.6.jar:6.2.6]
	at org.springframework.context.support.PostProcessorRegistrationDelegate.invokeBeanDefinitionRegistryPostProcessors(PostProcessorRegistrationDelegate.java:349) ~[spring-context-6.2.6.jar:6.2.6]
	at org.springframework.context.support.PostProcessorRegistrationDelegate.invokeBeanFactoryPostProcessors(PostProcessorRegistrationDelegate.java:118) ~[spring-context-6.2.6.jar:6.2.6]
	at org.springframework.context.support.AbstractApplicationContext.invokeBeanFactoryPostProcessors(AbstractApplicationContext.java:791) ~[spring-context-6.2.6.jar:6.2.6]
	at org.springframework.context.support.AbstractApplicationContext.refresh(AbstractApplicationContext.java:609) ~[spring-context-6.2.6.jar:6.2.6]
	at org.springframework.boot.web.servlet.context.ServletWebServerApplicationContext.refresh(ServletWebServerApplicationContext.java:146) ~[spring-boot-3.4.5.jar:3.4.5]
	at org.springframework.boot.SpringApplication.refresh(SpringApplication.java:753) ~[spring-boot-3.4.5.jar:3.4.5]
	at org.springframework.boot.SpringApplication.refreshContext(SpringApplication.java:439) ~[spring-boot-3.4.5.jar:3.4.5]
	at org.springframework.boot.SpringApplication.run(SpringApplication.java:318) ~[spring-boot-3.4.5.jar:3.4.5]
	at org.springframework.boot.SpringApplication.run(SpringApplication.java:1362) ~[spring-boot-3.4.5.jar:3.4.5]
	at org.springframework.boot.SpringApplication.run(SpringApplication.java:1351) ~[spring-boot-3.4.5.jar:3.4.5]
	at com.travelSafe.buses.BusesApplication.main(BusesApplication.java:12) ~[classes/:na]
	at java.base/jdk.internal.reflect.DirectMethodHandleAccessor.invoke(DirectMethodHandleAccessor.java:104) ~[na:na]
	at java.base/java.lang.reflect.Method.invoke(Method.java:565) ~[na:na]
	at org.springframework.boot.devtools.restart.RestartLauncher.run(RestartLauncher.java:50) ~[spring-boot-devtools-3.4.5.jar:3.4.5]
Caused by: org.springframework.context.annotation.ConflictingBeanDefinitionException: Annotation-specified bean name 'departmentMapperImpl' for bean class [com.travelSafe.buses.domain.department.model.DepartmentMapperImpl] conflicts with existing, non-compatible bean definition of same name and class [com.travelSafe.buses.domain.department.DepartmentMapperImpl]
	at org.springframework.context.annotation.ClassPathBeanDefinitionScanner.checkCandidate(ClassPathBeanDefinitionScanner.java:361) ~[spring-context-6.2.6.jar:6.2.6]
	at org.springframework.context.annotation.ClassPathBeanDefinitionScanner.doScan(ClassPathBeanDefinitionScanner.java:288) ~[spring-context-6.2.6.jar:6.2.6]
	at org.springframework.context.annotation.ComponentScanAnnotationParser.parse(ComponentScanAnnotationParser.java:128) ~[spring-context-6.2.6.jar:6.2.6]
	at org.springframework.context.annotation.ConfigurationClassParser.doProcessConfigurationClass(ConfigurationClassParser.java:346) ~[spring-context-6.2.6.jar:6.2.6]
	at org.springframework.context.annotation.ConfigurationClassParser.processConfigurationClass(ConfigurationClassParser.java:281) ~[spring-context-6.2.6.jar:6.2.6]
	at org.springframework.context.annotation.ConfigurationClassParser.parse(ConfigurationClassParser.java:204) ~[spring-context-6.2.6.jar:6.2.6]
	at org.springframework.context.annotation.ConfigurationClassParser.parse(ConfigurationClassParser.java:172) ~[spring-context-6.2.6.jar:6.2.6]
	... 16 common frames omitted

2025-06-19T15:37:38.193+03:00  INFO 7398 --- [buses] [restartedMain] com.travelSafe.buses.BusesApplication    : Starting BusesApplication using Java 21.0.7 with PID 7398 (/home/marwanmamdouh/Github/buses/target/classes started by marwanmamdouh in /home/marwanmamdouh/Github/buses)
2025-06-19T15:37:38.213+03:00  INFO 7398 --- [buses] [restartedMain] com.travelSafe.buses.BusesApplication    : No active profile set, falling back to 1 default profile: "default"
2025-06-19T15:37:38.313+03:00  INFO 7398 --- [buses] [restartedMain] .e.DevToolsPropertyDefaultsPostProcessor : Devtools property defaults active! Set 'spring.devtools.add-properties' to 'false' to disable
2025-06-19T15:37:38.314+03:00  INFO 7398 --- [buses] [restartedMain] .e.DevToolsPropertyDefaultsPostProcessor : For additional web related logging consider setting the 'logging.level.web' property to 'DEBUG'
2025-06-19T15:37:40.009+03:00  INFO 7398 --- [buses] [restartedMain] .s.d.r.c.RepositoryConfigurationDelegate : Bootstrapping Spring Data JPA repositories in DEFAULT mode.
2025-06-19T15:37:40.112+03:00  INFO 7398 --- [buses] [restartedMain] .s.d.r.c.RepositoryConfigurationDelegate : Finished Spring Data repository scanning in 88 ms. Found 6 JPA repository interfaces.
2025-06-19T15:37:41.239+03:00  INFO 7398 --- [buses] [restartedMain] o.s.b.w.embedded.tomcat.TomcatWebServer  : Tomcat initialized with port 8080 (http)
2025-06-19T15:37:41.264+03:00  INFO 7398 --- [buses] [restartedMain] o.apache.catalina.core.StandardService   : Starting service [Tomcat]
2025-06-19T15:37:41.264+03:00  INFO 7398 --- [buses] [restartedMain] o.apache.catalina.core.StandardEngine    : Starting Servlet engine: [Apache Tomcat/10.1.40]
2025-06-19T15:37:41.339+03:00  INFO 7398 --- [buses] [restartedMain] o.a.c.c.C.[Tomcat].[localhost].[/]       : Initializing Spring embedded WebApplicationContext
2025-06-19T15:37:41.340+03:00  INFO 7398 --- [buses] [restartedMain] w.s.c.ServletWebServerApplicationContext : Root WebApplicationContext: initialization completed in 3025 ms
2025-06-19T15:37:41.798+03:00  INFO 7398 --- [buses] [restartedMain] com.zaxxer.hikari.HikariDataSource       : HikariPool-1 - Starting...
2025-06-19T15:37:42.360+03:00  INFO 7398 --- [buses] [restartedMain] com.zaxxer.hikari.pool.HikariPool        : HikariPool-1 - Added connection com.mysql.cj.jdbc.ConnectionImpl@123a2e42
2025-06-19T15:37:42.363+03:00  INFO 7398 --- [buses] [restartedMain] com.zaxxer.hikari.HikariDataSource       : HikariPool-1 - Start completed.
2025-06-19T15:37:42.442+03:00  INFO 7398 --- [buses] [restartedMain] o.hibernate.jpa.internal.util.LogHelper  : HHH000204: Processing PersistenceUnitInfo [name: default]
2025-06-19T15:37:42.560+03:00  INFO 7398 --- [buses] [restartedMain] org.hibernate.Version                    : HHH000412: Hibernate ORM core version 6.6.13.Final
2025-06-19T15:37:42.632+03:00  INFO 7398 --- [buses] [restartedMain] o.h.c.internal.RegionFactoryInitiator    : HHH000026: Second-level cache disabled
2025-06-19T15:37:43.057+03:00  INFO 7398 --- [buses] [restartedMain] o.s.o.j.p.SpringPersistenceUnitInfo      : No LoadTimeWeaver setup: ignoring JPA class transformer
2025-06-19T15:37:43.220+03:00  INFO 7398 --- [buses] [restartedMain] org.hibernate.orm.connections.pooling    : HHH10001005: Database info:
	Database JDBC URL [Connecting through datasource 'HikariDataSource (HikariPool-1)']
	Database driver: undefined/unknown
	Database version: 9.2
	Autocommit mode: undefined/unknown
	Isolation level: undefined/unknown
	Minimum pool size: undefined/unknown
	Maximum pool size: undefined/unknown
2025-06-19T15:37:44.491+03:00  INFO 7398 --- [buses] [restartedMain] o.h.e.t.j.p.i.JtaPlatformInitiator       : HHH000489: No JTA platform available (set 'hibernate.transaction.jta.platform' to enable JTA platform integration)
2025-06-19T15:37:44.495+03:00  INFO 7398 --- [buses] [restartedMain] j.LocalContainerEntityManagerFactoryBean : Initialized JPA EntityManagerFactory for persistence unit 'default'
2025-06-19T15:37:45.040+03:00  INFO 7398 --- [buses] [restartedMain] o.s.d.j.r.query.QueryEnhancerFactory     : Hibernate is in classpath; If applicable, HQL parser will be used.
2025-06-19T15:37:47.863+03:00  WARN 7398 --- [buses] [restartedMain] JpaBaseConfiguration$JpaWebConfiguration : spring.jpa.open-in-view is enabled by default. Therefore, database queries may be performed during view rendering. Explicitly configure spring.jpa.open-in-view to disable this warning
2025-06-19T15:37:48.620+03:00  INFO 7398 --- [buses] [restartedMain] o.s.b.a.e.web.EndpointLinksResolver      : Exposing 1 endpoint beneath base path '/actuator'
2025-06-19T15:37:49.623+03:00  INFO 7398 --- [buses] [restartedMain] o.s.b.d.a.OptionalLiveReloadServer       : LiveReload server is running on port 35729
2025-06-19T15:37:49.735+03:00  INFO 7398 --- [buses] [restartedMain] o.s.b.w.embedded.tomcat.TomcatWebServer  : Tomcat started on port 8080 (http) with context path '/'
2025-06-19T15:37:49.772+03:00  INFO 7398 --- [buses] [restartedMain] com.travelSafe.buses.BusesApplication    : Started BusesApplication in 12.274 seconds (process running for 12.874)
2025-06-19T15:38:00.912+03:00  INFO 7398 --- [buses] [SpringApplicationShutdownHook] o.s.b.w.e.tomcat.GracefulShutdown        : Commencing graceful shutdown. Waiting for active requests to complete
2025-06-19T15:38:00.919+03:00  INFO 7398 --- [buses] [tomcat-shutdown] o.s.b.w.e.tomcat.GracefulShutdown        : Graceful shutdown complete
2025-06-19T15:38:00.944+03:00  INFO 7398 --- [buses] [SpringApplicationShutdownHook] j.LocalContainerEntityManagerFactoryBean : Closing JPA EntityManagerFactory for persistence unit 'default'
2025-06-19T15:38:00.951+03:00  INFO 7398 --- [buses] [SpringApplicationShutdownHook] com.zaxxer.hikari.HikariDataSource       : HikariPool-1 - Shutdown initiated...
2025-06-19T15:38:01.001+03:00  INFO 7398 --- [buses] [SpringApplicationShutdownHook] com.zaxxer.hikari.HikariDataSource       : HikariPool-1 - Shutdown completed.
2025-06-19T15:38:25.643+03:00  INFO 7668 --- [buses] [main] c.t.buses.BusesApplicationTests          : Starting BusesApplicationTests using Java 21.0.7 with PID 7668 (started by marwanmamdouh in /home/marwanmamdouh/Github/buses)
2025-06-19T15:38:25.654+03:00  INFO 7668 --- [buses] [main] c.t.buses.BusesApplicationTests          : No active profile set, falling back to 1 default profile: "default"
2025-06-19T15:38:27.659+03:00  INFO 7668 --- [buses] [main] .s.d.r.c.RepositoryConfigurationDelegate : Bootstrapping Spring Data JPA repositories in DEFAULT mode.
2025-06-19T15:38:27.781+03:00  INFO 7668 --- [buses] [main] .s.d.r.c.RepositoryConfigurationDelegate : Finished Spring Data repository scanning in 108 ms. Found 6 JPA repository interfaces.
2025-06-19T15:38:29.076+03:00  INFO 7668 --- [buses] [main] com.zaxxer.hikari.HikariDataSource       : HikariPool-1 - Starting...
2025-06-19T15:38:29.670+03:00  INFO 7668 --- [buses] [main] com.zaxxer.hikari.pool.HikariPool        : HikariPool-1 - Added connection com.mysql.cj.jdbc.ConnectionImpl@6f6f65a4
2025-06-19T15:38:29.674+03:00  INFO 7668 --- [buses] [main] com.zaxxer.hikari.HikariDataSource       : HikariPool-1 - Start completed.
2025-06-19T15:38:29.776+03:00  INFO 7668 --- [buses] [main] o.hibernate.jpa.internal.util.LogHelper  : HHH000204: Processing PersistenceUnitInfo [name: default]
2025-06-19T15:38:29.938+03:00  INFO 7668 --- [buses] [main] org.hibernate.Version                    : HHH000412: Hibernate ORM core version 6.6.13.Final
2025-06-19T15:38:30.012+03:00  INFO 7668 --- [buses] [main] o.h.c.internal.RegionFactoryInitiator    : HHH000026: Second-level cache disabled
2025-06-19T15:38:30.494+03:00  INFO 7668 --- [buses] [main] o.s.o.j.p.SpringPersistenceUnitInfo      : No LoadTimeWeaver setup: ignoring JPA class transformer
2025-06-19T15:38:30.663+03:00  INFO 7668 --- [buses] [main] org.hibernate.orm.connections.pooling    : HHH10001005: Database info:
	Database JDBC URL [Connecting through datasource 'HikariDataSource (HikariPool-1)']
	Database driver: undefined/unknown
	Database version: 9.2
	Autocommit mode: undefined/unknown
	Isolation level: undefined/unknown
	Minimum pool size: undefined/unknown
	Maximum pool size: undefined/unknown
2025-06-19T15:38:32.238+03:00  INFO 7668 --- [buses] [main] o.h.e.t.j.p.i.JtaPlatformInitiator       : HHH000489: No JTA platform available (set 'hibernate.transaction.jta.platform' to enable JTA platform integration)
2025-06-19T15:38:32.242+03:00  INFO 7668 --- [buses] [main] j.LocalContainerEntityManagerFactoryBean : Initialized JPA EntityManagerFactory for persistence unit 'default'
2025-06-19T15:38:32.933+03:00  INFO 7668 --- [buses] [main] o.s.d.j.r.query.QueryEnhancerFactory     : Hibernate is in classpath; If applicable, HQL parser will be used.
2025-06-19T15:38:35.568+03:00  WARN 7668 --- [buses] [main] JpaBaseConfiguration$JpaWebConfiguration : spring.jpa.open-in-view is enabled by default. Therefore, database queries may be performed during view rendering. Explicitly configure spring.jpa.open-in-view to disable this warning
2025-06-19T15:38:36.627+03:00  INFO 7668 --- [buses] [main] o.s.b.a.e.web.EndpointLinksResolver      : Exposing 1 endpoint beneath base path '/actuator'
2025-06-19T15:38:37.939+03:00  INFO 7668 --- [buses] [main] c.t.buses.BusesApplicationTests          : Started BusesApplicationTests in 12.899 seconds (process running for 14.771)
2025-06-19T15:38:38.813+03:00  INFO 7668 --- [buses] [main] c.t.b.d.d.service.GetDepartmentService   : Executing: class com.travelSafe.buses.domain.department.service.GetDepartmentService with input: 10
2025-06-19T15:38:38.820+03:00 ERROR 7668 --- [buses] [main] c.t.b.d.d.e.DepartmentNotFoundException  : Exception: class com.travelSafe.buses.domain.department.exception.DepartmentNotFoundExceptionthrown.
2025-06-19T15:38:38.840+03:00  INFO 7668 --- [buses] [main] c.t.b.d.d.service.GetDepartmentService   : Executing: class com.travelSafe.buses.domain.department.service.GetDepartmentService with input: 1
2025-06-19T15:38:38.863+03:00  INFO 7668 --- [buses] [main] c.t.b.d.d.service.GetDepartmentsService  : Executing: class com.travelSafe.buses.domain.department.service.GetDepartmentsService with input: null
2025-06-19T15:38:38.872+03:00  INFO 7668 --- [buses] [main] c.t.b.d.d.service.GetDepartmentsService  : Executing: class com.travelSafe.buses.domain.department.service.GetDepartmentsService with input: null
2025-06-19T15:38:39.137+03:00  INFO 7668 --- [buses] [main] c.t.b.d.e.s.get.CountEmployeesService    : Executing: class com.travelSafe.buses.domain.employee.services.get.CountEmployeesService with input: null
2025-06-19T15:38:39.142+03:00  INFO 7668 --- [buses] [main] c.t.b.d.e.s.get.CountEmployeesService    : Executing: class com.travelSafe.buses.domain.employee.services.get.CountEmployeesService with input: null
2025-06-19T15:38:39.154+03:00  INFO 7668 --- [buses] [main] c.t.b.d.e.s.get.GetEmployeeService       : Executing: class com.travelSafe.buses.domain.employee.services.get.GetEmployeeService with input:90876543218206
2025-06-19T15:38:39.157+03:00 ERROR 7668 --- [buses] [main] c.t.b.d.e.e.EmployeeNotFoundException    : Exception: class com.travelSafe.buses.domain.employee.exceptions.EmployeeNotFoundExceptionthrown.
2025-06-19T15:38:39.172+03:00  INFO 7668 --- [buses] [main] c.t.b.d.e.s.get.GetEmployeeService       : Executing: class com.travelSafe.buses.domain.employee.services.get.GetEmployeeService with input:90876543218906
2025-06-19T15:38:39.320+03:00  INFO 7668 --- [buses] [main] .e.s.g.GetEmployeesByDepartmentIdService : Executing: class com.travelSafe.buses.domain.employee.services.get.GetEmployeesByDepartmentIdService with input: 25
2025-06-19T15:38:39.359+03:00  INFO 7668 --- [buses] [main] .e.s.g.GetEmployeesByDepartmentIdService : Executing: class com.travelSafe.buses.domain.employee.services.get.GetEmployeesByDepartmentIdService with input: 19
2025-06-19T15:38:39.410+03:00  INFO 7668 --- [buses] [main] .d.e.s.g.GetEmployeesBySupervisorService : Executing: class com.travelSafe.buses.domain.employee.services.get.GetEmployeesBySupervisorService with input: 30876543218906
2025-06-19T15:38:39.428+03:00  INFO 7668 --- [buses] [main] .d.e.s.g.GetEmployeesBySupervisorService : Executing: class com.travelSafe.buses.domain.employee.services.get.GetEmployeesBySupervisorService with input: 26876543218906
2025-06-19T15:38:39.467+03:00  INFO 7668 --- [buses] [main] c.t.b.d.e.s.get.GetEmployeesService      : Executing: class com.travelSafe.buses.domain.employee.services.get.GetEmployeesService with input: null
2025-06-19T15:38:39.478+03:00  INFO 7668 --- [buses] [main] c.t.b.d.e.s.get.GetEmployeesService      : Executing: class com.travelSafe.buses.domain.employee.services.get.GetEmployeesService with input: null
2025-06-19T15:38:39.729+03:00  INFO 7668 --- [buses] [main] c.t.b.d.e.s.CreateEmployeeService        : Executing: class com.travelSafe.buses.domain.employee.services.CreateEmployeeService with input: InputEmployeeDTO[ssn=21341234569803, firstname=John, lastname=Doe, email=john.doe@example.com, password=123456789, phoneNumber=01234567890, birthday=2002-01-10]
2025-06-19T15:38:39.737+03:00  INFO 7668 --- [buses] [main] c.t.b.d.e.s.CreateEmployeeService        : Starting employee creation for email: john.doe@example.com
2025-06-19T15:38:39.738+03:00  INFO 7668 --- [buses] [main] c.t.b.d.e.s.CreateEmployeeService        : Employee created with SSN: null and,email: null
2025-06-19T15:38:39.746+03:00  INFO 7668 --- [buses] [main] c.t.b.d.e.s.CreateEmployeeService        : Executing: class com.travelSafe.buses.domain.employee.services.CreateEmployeeService with input: InputEmployeeDTO[ssn=21341234569803, firstname=John, lastname=Doe, email=john.doe@example.com, password=123456789, phoneNumber=1234567890, birthday=2002-01-10]
2025-06-19T15:38:39.747+03:00  INFO 7668 --- [buses] [main] c.t.b.d.e.s.CreateEmployeeService        : Starting employee creation for email: john.doe@example.com
2025-06-19T15:38:39.750+03:00 ERROR 7668 --- [buses] [main] c.t.b.d.e.s.CreateEmployeeService        : Duplicate email found: john.doe@example.com
2025-06-19T15:38:39.754+03:00 ERROR 7668 --- [buses] [main] .b.d.e.e.DuplicateEmployeeEmailException : Exception: class com.travelSafe.buses.domain.employee.exceptions.DuplicateEmployeeEmailExceptionthrown.
2025-06-19T15:38:39.770+03:00  INFO 7668 --- [buses] [main] c.t.b.d.e.s.CreateEmployeeService        : Executing: class com.travelSafe.buses.domain.employee.services.CreateEmployeeService with input: InputEmployeeDTO[ssn=21341234569803, firstname=John, lastname=Doe, email=john.doe@example.com, password=123456789, phoneNumber=1234567890, birthday=2002-01-10]
2025-06-19T15:38:39.771+03:00  INFO 7668 --- [buses] [main] c.t.b.d.e.s.CreateEmployeeService        : Starting employee creation for email: john.doe@example.com
2025-06-19T15:38:39.772+03:00 ERROR 7668 --- [buses] [main] c.t.b.d.e.s.CreateEmployeeService        : Duplicate phone number found: 1234567890
2025-06-19T15:38:39.772+03:00 ERROR 7668 --- [buses] [main] .e.DuplicateEmployeePhoneNumberException : Exception: class com.travelSafe.buses.domain.employee.exceptions.DuplicateEmployeePhoneNumberExceptionthrown.
2025-06-19T15:38:39.778+03:00  INFO 7668 --- [buses] [main] c.t.b.d.e.s.CreateEmployeeService        : Executing: class com.travelSafe.buses.domain.employee.services.CreateEmployeeService with input: InputEmployeeDTO[ssn=21341234569803, firstname=John, lastname=Doe, email=john.doe@example.com, password=123456789, phoneNumber=1234567890, birthday=2002-01-10]
2025-06-19T15:38:39.779+03:00  INFO 7668 --- [buses] [main] c.t.b.d.e.s.CreateEmployeeService        : Starting employee creation for email: john.doe@example.com
2025-06-19T15:38:39.780+03:00 ERROR 7668 --- [buses] [main] c.t.b.d.e.s.CreateEmployeeService        : Duplicate SSN found: 21341234569803
2025-06-19T15:38:39.780+03:00 ERROR 7668 --- [buses] [main] c.t.b.d.e.e.DuplicateEmployeeIdException : Exception: class com.travelSafe.buses.domain.employee.exceptions.DuplicateEmployeeIdExceptionthrown.
2025-06-19T15:38:39.974+03:00  INFO 7668 --- [buses] [main] .t.b.d.s.s.SearchForSeatsByTripIdService : Executing: class com.travelSafe.buses.domain.seats.service.SearchForSeatsByTripIdService with input: 3
2025-06-19T15:38:39.979+03:00  INFO 7668 --- [buses] [main] .t.b.d.s.s.SearchForSeatsByTripIdService : Executing: class com.travelSafe.buses.domain.seats.service.SearchForSeatsByTripIdService with input: 3
2025-06-19T15:38:39.983+03:00  INFO 7668 --- [buses] [main] .t.b.d.s.s.SearchForSeatsByTripIdService : Executing: class com.travelSafe.buses.domain.seats.service.SearchForSeatsByTripIdService with input: 3
2025-06-19T15:38:39.987+03:00  INFO 7668 --- [buses] [main] .t.b.d.s.s.SearchForSeatsByTripIdService : Executing: class com.travelSafe.buses.domain.seats.service.SearchForSeatsByTripIdService with input: 3
2025-06-19T15:38:40.141+03:00  INFO 7668 --- [buses] [main] c.t.b.d.t.service.GetTravelLineService   : Executing: class com.travelSafe.buses.domain.travelLine.service.GetTravelLineService with input: 10
2025-06-19T15:38:40.143+03:00 ERROR 7668 --- [buses] [main] c.t.b.d.t.e.TravelLineNotFoundException  : Exception: class com.travelSafe.buses.domain.travelLine.exceptions.TravelLineNotFoundExceptionthrown.
2025-06-19T15:38:40.148+03:00  INFO 7668 --- [buses] [main] c.t.b.d.t.service.GetTravelLineService   : Executing: class com.travelSafe.buses.domain.travelLine.service.GetTravelLineService with input: 5
2025-06-19T15:38:40.163+03:00  INFO 7668 --- [buses] [main] c.t.b.d.t.service.GetTravelLinesService  : Executing: class com.travelSafe.buses.domain.travelLine.service.GetTravelLinesService with input:null
2025-06-19T15:38:40.168+03:00  INFO 7668 --- [buses] [main] c.t.b.d.t.service.GetTravelLinesService  : Executing: class com.travelSafe.buses.domain.travelLine.service.GetTravelLinesService with input:null
2025-06-19T15:38:40.334+03:00  INFO 7668 --- [buses] [main] c.t.b.d.trip.service.GetTripService      : Executing: class com.travelSafe.buses.domain.trip.service.GetTripService with input: 2
2025-06-19T15:38:40.336+03:00 ERROR 7668 --- [buses] [main] c.t.b.d.t.e.TripNotFoundException        : Exception: class com.travelSafe.buses.domain.trip.exceptions.TripNotFoundExceptionthrown.
2025-06-19T15:38:40.340+03:00  INFO 7668 --- [buses] [main] c.t.b.d.trip.service.GetTripService      : Executing: class com.travelSafe.buses.domain.trip.service.GetTripService with input: 1
2025-06-19T15:38:40.486+03:00  INFO 7668 --- [buses] [main] c.t.b.d.v.service.GetVehicleService      : Executing: class com.travelSafe.buses.domain.vehicle.service.GetVehicleService with input: 15
2025-06-19T15:38:40.497+03:00  INFO 7668 --- [buses] [main] c.t.b.d.v.service.GetVehicleService      : Executing: class com.travelSafe.buses.domain.vehicle.service.GetVehicleService with input: 90
2025-06-19T15:38:40.499+03:00 ERROR 7668 --- [buses] [main] c.t.b.d.v.e.VehicleNotFoundException     : Exception: class com.travelSafe.buses.domain.vehicle.exceptions.VehicleNotFoundExceptionthrown.
2025-06-19T15:38:40.521+03:00  INFO 7668 --- [buses] [main] c.t.b.d.v.service.GetVehiclesService     : Executing: class com.travelSafe.buses.domain.vehicle.service.GetVehiclesService with input: null
2025-06-19T15:38:40.533+03:00  INFO 7668 --- [buses] [main] c.t.b.d.v.service.GetVehiclesService     : Executing: class com.travelSafe.buses.domain.vehicle.service.GetVehiclesService with input: null
2025-06-19T15:38:40.617+03:00  INFO 7668 --- [buses] [SpringApplicationShutdownHook] j.LocalContainerEntityManagerFactoryBean : Closing JPA EntityManagerFactory for persistence unit 'default'
2025-06-19T15:38:40.620+03:00  INFO 7668 --- [buses] [SpringApplicationShutdownHook] com.zaxxer.hikari.HikariDataSource       : HikariPool-1 - Shutdown initiated...
2025-06-19T15:38:40.640+03:00  INFO 7668 --- [buses] [SpringApplicationShutdownHook] com.zaxxer.hikari.HikariDataSource       : HikariPool-1 - Shutdown completed.
2025-06-19T15:38:52.534+03:00  INFO 7794 --- [buses] [main] com.travelSafe.buses.BusesApplication    : Starting BusesApplication v0.1-SNAPSHOT using Java 21.0.7 with PID 7794 (/home/marwanmamdouh/Github/buses/target/buses-0.1-SNAPSHOT.jar started by marwanmamdouh in /home/marwanmamdouh/Github/buses)
2025-06-19T15:38:52.545+03:00  INFO 7794 --- [buses] [main] com.travelSafe.buses.BusesApplication    : No active profile set, falling back to 1 default profile: "default"
2025-06-19T15:38:54.988+03:00  INFO 7794 --- [buses] [main] .s.d.r.c.RepositoryConfigurationDelegate : Bootstrapping Spring Data JPA repositories in DEFAULT mode.
2025-06-19T15:38:55.116+03:00  INFO 7794 --- [buses] [main] .s.d.r.c.RepositoryConfigurationDelegate : Finished Spring Data repository scanning in 105 ms. Found 6 JPA repository interfaces.
2025-06-19T15:38:56.663+03:00  INFO 7794 --- [buses] [main] o.s.b.w.embedded.tomcat.TomcatWebServer  : Tomcat initialized with port 8080 (http)
2025-06-19T15:38:56.689+03:00  INFO 7794 --- [buses] [main] o.apache.catalina.core.StandardService   : Starting service [Tomcat]
2025-06-19T15:38:56.690+03:00  INFO 7794 --- [buses] [main] o.apache.catalina.core.StandardEngine    : Starting Servlet engine: [Apache Tomcat/10.1.40]
2025-06-19T15:38:56.756+03:00  INFO 7794 --- [buses] [main] o.a.c.c.C.[Tomcat].[localhost].[/]       : Initializing Spring embedded WebApplicationContext
2025-06-19T15:38:56.757+03:00  INFO 7794 --- [buses] [main] w.s.c.ServletWebServerApplicationContext : Root WebApplicationContext: initialization completed in 4113 ms
2025-06-19T15:38:57.397+03:00  INFO 7794 --- [buses] [main] com.zaxxer.hikari.HikariDataSource       : HikariPool-1 - Starting...
2025-06-19T15:38:58.107+03:00  INFO 7794 --- [buses] [main] com.zaxxer.hikari.pool.HikariPool        : HikariPool-1 - Added connection com.mysql.cj.jdbc.ConnectionImpl@450d10cb
2025-06-19T15:38:58.112+03:00  INFO 7794 --- [buses] [main] com.zaxxer.hikari.HikariDataSource       : HikariPool-1 - Start completed.
2025-06-19T15:38:58.192+03:00  INFO 7794 --- [buses] [main] o.hibernate.jpa.internal.util.LogHelper  : HHH000204: Processing PersistenceUnitInfo [name: default]
2025-06-19T15:38:58.380+03:00  INFO 7794 --- [buses] [main] org.hibernate.Version                    : HHH000412: Hibernate ORM core version 6.6.13.Final
2025-06-19T15:38:58.482+03:00  INFO 7794 --- [buses] [main] o.h.c.internal.RegionFactoryInitiator    : HHH000026: Second-level cache disabled
2025-06-19T15:38:59.148+03:00  INFO 7794 --- [buses] [main] o.s.o.j.p.SpringPersistenceUnitInfo      : No LoadTimeWeaver setup: ignoring JPA class transformer
2025-06-19T15:38:59.320+03:00  INFO 7794 --- [buses] [main] org.hibernate.orm.connections.pooling    : HHH10001005: Database info:
	Database JDBC URL [Connecting through datasource 'HikariDataSource (HikariPool-1)']
	Database driver: undefined/unknown
	Database version: 9.2
	Autocommit mode: undefined/unknown
	Isolation level: undefined/unknown
	Minimum pool size: undefined/unknown
	Maximum pool size: undefined/unknown
2025-06-19T15:39:01.077+03:00  INFO 7794 --- [buses] [main] o.h.e.t.j.p.i.JtaPlatformInitiator       : HHH000489: No JTA platform available (set 'hibernate.transaction.jta.platform' to enable JTA platform integration)
2025-06-19T15:39:01.082+03:00  INFO 7794 --- [buses] [main] j.LocalContainerEntityManagerFactoryBean : Initialized JPA EntityManagerFactory for persistence unit 'default'
2025-06-19T15:39:01.801+03:00  INFO 7794 --- [buses] [main] o.s.d.j.r.query.QueryEnhancerFactory     : Hibernate is in classpath; If applicable, HQL parser will be used.
2025-06-19T15:39:04.355+03:00  WARN 7794 --- [buses] [main] JpaBaseConfiguration$JpaWebConfiguration : spring.jpa.open-in-view is enabled by default. Therefore, database queries may be performed during view rendering. Explicitly configure spring.jpa.open-in-view to disable this warning
2025-06-19T15:39:05.224+03:00  INFO 7794 --- [buses] [main] o.s.b.a.e.web.EndpointLinksResolver      : Exposing 1 endpoint beneath base path '/actuator'
2025-06-19T15:39:06.510+03:00  INFO 7794 --- [buses] [main] o.s.b.w.embedded.tomcat.TomcatWebServer  : Tomcat started on port 8080 (http) with context path '/'
2025-06-19T15:39:06.551+03:00  INFO 7794 --- [buses] [main] com.travelSafe.buses.BusesApplication    : Started BusesApplication in 15.084 seconds (process running for 16.191)
2025-06-19T15:39:09.034+03:00  INFO 7794 --- [buses] [SpringApplicationShutdownHook] o.s.b.w.e.tomcat.GracefulShutdown        : Commencing graceful shutdown. Waiting for active requests to complete
2025-06-19T15:39:09.040+03:00  INFO 7794 --- [buses] [tomcat-shutdown] o.s.b.w.e.tomcat.GracefulShutdown        : Graceful shutdown complete
2025-06-19T15:39:09.062+03:00  INFO 7794 --- [buses] [SpringApplicationShutdownHook] j.LocalContainerEntityManagerFactoryBean : Closing JPA EntityManagerFactory for persistence unit 'default'
2025-06-19T15:39:09.067+03:00  INFO 7794 --- [buses] [SpringApplicationShutdownHook] com.zaxxer.hikari.HikariDataSource       : HikariPool-1 - Shutdown initiated...
2025-06-19T15:39:09.103+03:00  INFO 7794 --- [buses] [SpringApplicationShutdownHook] com.zaxxer.hikari.HikariDataSource       : HikariPool-1 - Shutdown completed.
